<?xml version="1.0" encoding="UTF-8"?>
<testsuite xmlns:xsi="http://www.w3.org/2001/XMLSchema-instance" xsi:noNamespaceSchemaLocation="https://maven.apache.org/surefire/maven-surefire-plugin/xsd/surefire-test-report.xsd" name="org.cvg.junit5_app.ejemplo.models.CuentaTest" time="6.01" tests="58" errors="0" skipped="11" failures="0">
  <properties>
[...]
</properties>
  <testcase name="testDebitoCuentaMethodSource{String}[1]" classname="org.cvg.junit5_app.ejemplo.models.CuentaTest" time="0.007"/>
  <testcase name="testDebitoCuentaMethodSource{String}[2]" classname="org.cvg.junit5_app.ejemplo.models.CuentaTest" time="0.001"/>
  <testcase name="testDebitoCuentaMethodSource{String}[3]" classname="org.cvg.junit5_app.ejemplo.models.CuentaTest" time="0"/>
  <testcase name="testDebitoCuentaMethodSource{String}[4]" classname="org.cvg.junit5_app.ejemplo.models.CuentaTest" time="0"/>
  <testcase name="testDebitoCuentaMethodSource{String}[5]" classname="org.cvg.junit5_app.ejemplo.models.CuentaTest" time="0"/>
  <testcase name="testDebitoCuentaMethodSource{String}[6]" classname="org.cvg.junit5_app.ejemplo.models.CuentaTest" time="0.001"/>
  <testcase name="pruebaTimeOut2" classname="org.cvg.junit5_app.ejemplo.models.CuentaTest$TimeOutTest" time="0.909"/>
  <testcase name="testTimeOutAssert" classname="org.cvg.junit5_app.ejemplo.models.CuentaTest$TimeOutTest" time="4.008"/>
  <testcase name="pruebaTimeOut" classname="org.cvg.junit5_app.ejemplo.models.CuentaTest$TimeOutTest" time="1.003"/>
  <testcase name="testSaldoCuentaDev" classname="org.cvg.junit5_app.ejemplo.models.CuentaTest$AssumptionsTests" time="0">
    <skipped message="Assumption failed: assumption is not true" type="org.opentest4j.TestAbortedException">org.opentest4j.TestAbortedException: Assumption failed: assumption is not true
	at org.cvg.junit5_app.ejemplo.models.CuentaTest$AssumptionsTests.testSaldoCuentaDev(CuentaTest.java:304)
</skipped>
    <system-out><![CDATA[Iniciando método test
]]></system-out>
  </testcase>
  <testcase name="testSaldoCuentaDev2" classname="org.cvg.junit5_app.ejemplo.models.CuentaTest$AssumptionsTests" time="0"/>
  <testcase name="testEnv" classname="org.cvg.junit5_app.ejemplo.models.CuentaTest$EnvironmentVariables" time="0">
    <skipped message="Environment variable [ENVIRONMENT] does not exist"/>
  </testcase>
  <testcase name="testProcessors" classname="org.cvg.junit5_app.ejemplo.models.CuentaTest$EnvironmentVariables" time="0"/>
  <testcase name="testJavaHome" classname="org.cvg.junit5_app.ejemplo.models.CuentaTest$EnvironmentVariables" time="0">
    <skipped message="Environment variable [JAVA_HOME] with value [C:\Program Files\Java\jdk-11.0.15] does not match regular expression [.*jdk-17.0.2]"/>
  </testcase>
  <testcase name="testDisabledEnv" classname="org.cvg.junit5_app.ejemplo.models.CuentaTest$EnvironmentVariables" time="0.001"/>
  <testcase name="imprimirVariablesAmbiente" classname="org.cvg.junit5_app.ejemplo.models.CuentaTest$EnvironmentVariables" time="0.023"/>
  <testcase name="disableOn64Bits" classname="org.cvg.junit5_app.ejemplo.models.CuentaTest$SystemPropertiesTest" time="0">
    <skipped message="System property [os.arch] with value [amd64] matches regular expression [.*64.*]"/>
  </testcase>
  <testcase name="testDev" classname="org.cvg.junit5_app.ejemplo.models.CuentaTest$SystemPropertiesTest" time="0">
    <skipped message="System property [ENV] does not exist"/>
  </testcase>
  <testcase name="testUsername" classname="org.cvg.junit5_app.ejemplo.models.CuentaTest$SystemPropertiesTest" time="0">
    <skipped message="System property [user.name] with value [CRISTHIAN VILLEGAS] does not match regular expression [crist]"/>
  </testcase>
  <testcase name="disableOn32Bits" classname="org.cvg.junit5_app.ejemplo.models.CuentaTest$SystemPropertiesTest" time="0"/>
  <testcase name="testJavaVersion" classname="org.cvg.junit5_app.ejemplo.models.CuentaTest$JavaVersionTest" time="0">
    <skipped message="System property [java.version] with value [11.0.15] does not match regular expression [1.8.0_111]"/>
  </testcase>
  <testcase name="soloJdk8" classname="org.cvg.junit5_app.ejemplo.models.CuentaTest$JavaVersionTest" time="0">
    <skipped message="Disabled on JRE version: 11.0.15"/>
  </testcase>
  <testcase name="imprimirSystemProperties" classname="org.cvg.junit5_app.ejemplo.models.CuentaTest$JavaVersionTest" time="0.022"/>
  <testcase name="enableOnJava15" classname="org.cvg.junit5_app.ejemplo.models.CuentaTest$JavaVersionTest" time="0">
    <skipped message="Disabled on JRE version: 11.0.15"/>
  </testcase>
  <testcase name="testSoloLinux" classname="org.cvg.junit5_app.ejemplo.models.CuentaTest$OperatingSystemTest" time="0">
    <skipped message="Disabled on operating system: Windows 11"/>
  </testcase>
  <testcase name="testSoloWindows" classname="org.cvg.junit5_app.ejemplo.models.CuentaTest$OperatingSystemTest" time="0"/>
  <testcase name="noWindows" classname="org.cvg.junit5_app.ejemplo.models.CuentaTest$OperatingSystemTest" time="0">
    <skipped message="Disabled on operating system: Windows 11"/>
  </testcase>
  <testcase name="testCreditoCuenta" classname="org.cvg.junit5_app.ejemplo.models.CuentaTest$BankAccountTest" time="0"/>
  <testcase name="testDebitoCuenta" classname="org.cvg.junit5_app.ejemplo.models.CuentaTest$BankAccountTest" time="0"/>
  <testcase name="testSaldoCuenta" classname="org.cvg.junit5_app.ejemplo.models.CuentaTest$BankAccountTest" time="0"/>
  <testcase name="testReferenciaCuenta" classname="org.cvg.junit5_app.ejemplo.models.CuentaTest$BankAccountTest" time="0"/>
  <testcase name="testDineroInsuficienteException" classname="org.cvg.junit5_app.ejemplo.models.CuentaTest$BankAccountTest" time="0"/>
  <testcase name="testNombreCuenta" classname="org.cvg.junit5_app.ejemplo.models.CuentaTest$BankAccountTest" time="0"/>
  <testcase name="testDebitoCuenta{String}[1]" classname="org.cvg.junit5_app.ejemplo.models.CuentaTest$ParametricTestClass" time="0"/>
  <testcase name="testDebitoCuenta{String}[2]" classname="org.cvg.junit5_app.ejemplo.models.CuentaTest$ParametricTestClass" time="0.001"/>
  <testcase name="testDebitoCuenta{String}[3]" classname="org.cvg.junit5_app.ejemplo.models.CuentaTest$ParametricTestClass" time="0"/>
  <testcase name="testDebitoCuenta{String}[4]" classname="org.cvg.junit5_app.ejemplo.models.CuentaTest$ParametricTestClass" time="0"/>
  <testcase name="testDebitoCuenta{String}[5]" classname="org.cvg.junit5_app.ejemplo.models.CuentaTest$ParametricTestClass" time="0.001"/>
  <testcase name="testDebitoCuenta{String}[6]" classname="org.cvg.junit5_app.ejemplo.models.CuentaTest$ParametricTestClass" time="0"/>
  <testcase name="testDebitoCuentaCsv2{String, String}[1]" classname="org.cvg.junit5_app.ejemplo.models.CuentaTest$ParametricTestClass" time="0.001"/>
  <testcase name="testDebitoCuentaCsv2{String, String}[2]" classname="org.cvg.junit5_app.ejemplo.models.CuentaTest$ParametricTestClass" time="0"/>
  <testcase name="testDebitoCuentaCsv2{String, String}[3]" classname="org.cvg.junit5_app.ejemplo.models.CuentaTest$ParametricTestClass" time="0.003"/>
  <testcase name="testDebitoCuentaCsv2{String, String}[4]" classname="org.cvg.junit5_app.ejemplo.models.CuentaTest$ParametricTestClass" time="0"/>
  <testcase name="testDebitoCuentaCsv2{String, String}[5]" classname="org.cvg.junit5_app.ejemplo.models.CuentaTest$ParametricTestClass" time="0.001"/>
  <testcase name="testDebitoCuentaCsv2{String, String}[6]" classname="org.cvg.junit5_app.ejemplo.models.CuentaTest$ParametricTestClass" time="0.002"/>
  <testcase name="testDebitoCuentaCsv{String, String}[1]" classname="org.cvg.junit5_app.ejemplo.models.CuentaTest$ParametricTestClass" time="0"/>
  <testcase name="testDebitoCuentaCsv{String, String}[2]" classname="org.cvg.junit5_app.ejemplo.models.CuentaTest$ParametricTestClass" time="0.001"/>
  <testcase name="testDebitoCuentaCsv{String, String}[3]" classname="org.cvg.junit5_app.ejemplo.models.CuentaTest$ParametricTestClass" time="0"/>
  <testcase name="testDebitoCuentaCsv{String, String}[4]" classname="org.cvg.junit5_app.ejemplo.models.CuentaTest$ParametricTestClass" time="0.001"/>
  <testcase name="testDebitoCuentaCsv{String, String}[5]" classname="org.cvg.junit5_app.ejemplo.models.CuentaTest$ParametricTestClass" time="0.001"/>
  <testcase name="testDebitoCuentaCsv{String, String}[6]" classname="org.cvg.junit5_app.ejemplo.models.CuentaTest$ParametricTestClass" time="0"/>
  <testcase name="testDebitoCuentaCsvFile{String}[1]" classname="org.cvg.junit5_app.ejemplo.models.CuentaTest$ParametricTestClass" time="0.001"/>
  <testcase name="testDebitoCuentaCsvFile{String}[2]" classname="org.cvg.junit5_app.ejemplo.models.CuentaTest$ParametricTestClass" time="0.001"/>
  <testcase name="testDebitoCuentaCsvFile{String}[3]" classname="org.cvg.junit5_app.ejemplo.models.CuentaTest$ParametricTestClass" time="0"/>
  <testcase name="testDebitoCuentaCsvFile{String}[4]" classname="org.cvg.junit5_app.ejemplo.models.CuentaTest$ParametricTestClass" time="0.001"/>
  <testcase name="testDebitoCuentaCsvFile{String}[5]" classname="org.cvg.junit5_app.ejemplo.models.CuentaTest$ParametricTestClass" time="0"/>
  <testcase name="testDebitoCuentaCsvFile{String}[6]" classname="org.cvg.junit5_app.ejemplo.models.CuentaTest$ParametricTestClass" time="0"/>
  <testcase name="testDebitoCuentaCsvFile{String}[7]" classname="org.cvg.junit5_app.ejemplo.models.CuentaTest$ParametricTestClass" time="0"/>
</testsuite>